<?xml version="1.0" encoding="UTF-8"?>
<!-- Generated by org.testng.reporters.JUnitXMLReporter -->
<testsuite hostname="LAPTOP-T5FP080U" ignored="0" name="Surefire test" tests="4" failures="1" timestamp="02 Mar 2019 08:24:27 GMT" time="92.278" errors="0">
  <testcase name="mentshirt" time="19.666" classname="com.testpackage.HomepageMyntraTest"/>
  <testcase name="verify_title" time="0.024" classname="com.testpackage.HomepageMyntraTest">
    <failure type="java.lang.AssertionError" message="expected [Online Shopping for Women, Men, Kids Fashion &amp;amp; Lifestyle - Myntra] but found [Men T-shirts - Buy T-shirt for Men Online in India | Myntra]">
      <![CDATA[java.lang.AssertionError: expected [Online Shopping for Women, Men, Kids Fashion & Lifestyle - Myntra] but found [Men T-shirts - Buy T-shirt for Men Online in India | Myntra]
at com.testpackage.HomepageMyntraTest.verify_title(HomepageMyntraTest.java:42)
... Removed 35 stack frames]]>
    </failure>
  </testcase> <!-- verify_title -->
  <testcase name="title" time="0.01" classname="com.testpackage.LoginpageMyntraTest"/>
  <testcase name="loginmyntra" time="15.017" classname="com.testpackage.LoginpageMyntraTest"/>
</testsuite> <!-- Surefire test -->
