<?xml version="1.0" encoding="UTF-8"?>
<testsuite name="TestSuite" time="35.246" tests="4" errors="0" skipped="0" failures="1">
  <properties>
[...]
</properties>
  <testcase name="mentshirt" classname="com.testpackage.HomepageMyntraTest" time="19.673"/>
  <testcase name="verify_title" classname="com.testpackage.HomepageMyntraTest" time="0.547">
    <failure message="expected [Online Shopping for Women, Men, Kids Fashion &amp; Lifestyle - Myntra] but found [Men T-shirts - Buy T-shirt for Men Online in India | Myntra]" type="java.lang.AssertionError"><![CDATA[java.lang.AssertionError: expected [Online Shopping for Women, Men, Kids Fashion & Lifestyle - Myntra] but found [Men T-shirts - Buy T-shirt for Men Online in India | Myntra]
	at org.testng.Assert.fail(Assert.java:96)
	at org.testng.Assert.failNotEquals(Assert.java:776)
	at org.testng.Assert.assertEqualsImpl(Assert.java:137)
	at org.testng.Assert.assertEquals(Assert.java:118)
	at org.testng.Assert.assertEquals(Assert.java:453)
	at org.testng.Assert.assertEquals(Assert.java:463)
	at com.testpackage.HomepageMyntraTest.verify_title(HomepageMyntraTest.java:42)
]]></failure>
  </testcase>
  <testcase name="title" classname="com.testpackage.LoginpageMyntraTest" time="0.01"/>
  <testcase name="loginmyntra" classname="com.testpackage.LoginpageMyntraTest" time="15.016"/>
</testsuite>