<?xml version="1.0" encoding="UTF-8"?>
<testng-results skipped="0" failed="0" ignored="0" total="2" passed="2">
  <reporter-output>
  </reporter-output>
  <suite name="Surefire suite" duration-ms="22631" started-at="2019-02-13T13:57:58Z" finished-at="2019-02-13T13:58:20Z">
    <groups>
    </groups>
    <test name="Surefire test" duration-ms="22631" started-at="2019-02-13T13:57:58Z" finished-at="2019-02-13T13:58:20Z">
      <class name="com.testpackage.LoginpageMyntraTest">
        <test-method status="PASS" signature="setup()[pri:0, instance:com.testpackage.LoginpageMyntraTest@e580929]" name="setup" is-config="true" duration-ms="9674" started-at="2019-02-13T13:57:58Z" finished-at="2019-02-13T13:58:07Z">
          <reporter-output>
          </reporter-output>
        </test-method> <!-- setup -->
        <test-method status="PASS" signature="title()[pri:1, instance:com.testpackage.LoginpageMyntraTest@e580929]" name="title" duration-ms="14" started-at="2019-02-13T13:58:07Z" finished-at="2019-02-13T13:58:07Z">
          <reporter-output>
          </reporter-output>
        </test-method> <!-- title -->
        <test-method status="PASS" signature="loginmyntra()[pri:2, instance:com.testpackage.LoginpageMyntraTest@e580929]" name="loginmyntra" duration-ms="12912" started-at="2019-02-13T13:58:07Z" finished-at="2019-02-13T13:58:20Z">
          <reporter-output>
          </reporter-output>
        </test-method> <!-- loginmyntra -->
      </class> <!-- com.testpackage.LoginpageMyntraTest -->
    </test> <!-- Surefire test -->
  </suite> <!-- Surefire suite -->
</testng-results>
