<?xml version="1.0" encoding="UTF-8"?>
<testng-results skipped="0" failed="0" ignored="0" total="2" passed="2">
  <reporter-output>
  </reporter-output>
  <suite name="TestNg" duration-ms="27468" started-at="2019-02-13T13:50:05Z" finished-at="2019-02-13T13:50:32Z">
    <groups>
    </groups>
    <test name="test" duration-ms="27468" started-at="2019-02-13T13:50:05Z" finished-at="2019-02-13T13:50:32Z">
      <class name="com.testpackage.LoginpageMyntraTest">
        <test-method status="PASS" signature="setup()[pri:0, instance:com.testpackage.LoginpageMyntraTest@57fffcd7]" name="setup" is-config="true" duration-ms="12402" started-at="2019-02-13T13:50:05Z" finished-at="2019-02-13T13:50:17Z">
          <reporter-output>
          </reporter-output>
        </test-method> <!-- setup -->
        <test-method status="PASS" signature="title()[pri:1, instance:com.testpackage.LoginpageMyntraTest@57fffcd7]" name="title" duration-ms="26" started-at="2019-02-13T13:50:17Z" finished-at="2019-02-13T13:50:17Z">
          <reporter-output>
          </reporter-output>
        </test-method> <!-- title -->
        <test-method status="PASS" signature="loginmyntra()[pri:2, instance:com.testpackage.LoginpageMyntraTest@57fffcd7]" name="loginmyntra" duration-ms="14958" started-at="2019-02-13T13:50:17Z" finished-at="2019-02-13T13:50:32Z">
          <reporter-output>
          </reporter-output>
        </test-method> <!-- loginmyntra -->
      </class> <!-- com.testpackage.LoginpageMyntraTest -->
    </test> <!-- test -->
  </suite> <!-- TestNg -->
</testng-results>
